# JRE version: OpenJDK Runtime Environment (17.0.7) (build 17.0.7+0-17.0.7b1000.6-10550314)
# Java VM: OpenJDK 64-Bit Server VM (17.0.7+0-17.0.7b1000.6-10550314, mixed mode, tiered, compressed oops, compressed class ptrs, g1 gc, bsd-aarch64)
GC Precious Log:
 CPUs: 11 total, 11 available
 Memory: 18432M
 Large Page Support: Disabled
 NUMA Support: Disabled
 Compressed Oops: Enabled (Zero based)
 Heap Region Size: 1M
 Heap Min Capacity: 8M
 Heap Initial Capacity: 288M
 Heap Max Capacity: 2G
 Pre-touch: Disabled
 Parallel Workers: 9
 Concurrent Workers: 2
 Concurrent Refinement Workers: 9
 Periodic GC: Disabled
Heap:
 garbage-first heap   total 437248K, used 141452K [0x0000000780000000, 0x0000000800000000)
  region size 1024K, 14 young (14336K), 4 survivors (4096K)
 Metaspace       used 131313K, committed 132288K, reserved 1179648K
  class space    used 18861K, committed 19328K, reserved 1048576K
GC Heap History (20 events):
Event: 3333.464 GC heap before
{Heap before GC invocations=45 (full 0):
 garbage-first heap   total 228352K, used 183078K [0x0000000780000000, 0x0000000800000000)
  region size 1024K, 85 young (87040K), 10 survivors (10240K)
 Metaspace       used 93859K, committed 94656K, reserved 1179648K
  class space    used 13259K, committed 13632K, reserved 1048576K
}
Event: 3333.469 GC heap after
{Heap after GC invocations=46 (full 0):
 garbage-first heap   total 228352K, used 108348K [0x0000000780000000, 0x0000000800000000)
  region size 1024K, 7 young (7168K), 7 survivors (7168K)
 Metaspace       used 93859K, committed 94656K, reserved 1179648K
  class space    used 13259K, committed 13632K, reserved 1048576K
}
Event: 3333.890 GC heap before
{Heap before GC invocations=47 (full 0):
 garbage-first heap   total 228352K, used 207676K [0x0000000780000000, 0x0000000800000000)
  region size 1024K, 81 young (82944K), 7 survivors (7168K)
 Metaspace       used 98185K, committed 99072K, reserved 1179648K
  class space    used 13755K, committed 14208K, reserved 1048576K
}
Event: 3333.899 GC heap after
{Heap after GC invocations=48 (full 0):
 garbage-first heap   total 228352K, used 109729K [0x0000000780000000, 0x0000000800000000)
  region size 1024K, 2 young (2048K), 2 survivors (2048K)
 Metaspace       used 98185K, committed 99072K, reserved 1179648K
  class space    used 13755K, committed 14208K, reserved 1048576K
}
Event: 3333.930 GC heap before
{Heap before GC invocations=48 (full 0):
 garbage-first heap   total 228352K, used 117920K [0x0000000780000000, 0x0000000800000000)
  region size 1024K, 11 young (11264K), 2 survivors (2048K)
 Metaspace       used 99081K, committed 99904K, reserved 1179648K
  class space    used 13841K, committed 14272K, reserved 1048576K
}
Event: 3333.935 GC heap after
{Heap after GC invocations=49 (full 0):
 garbage-first heap   total 228352K, used 98317K [0x0000000780000000, 0x0000000800000000)
  region size 1024K, 1 young (1024K), 1 survivors (1024K)
 Metaspace       used 99081K, committed 99904K, reserved 1179648K
  class space    used 13841K, committed 14272K, reserved 1048576K
}
Event: 3334.795 GC heap before
{Heap before GC invocations=49 (full 0):
 garbage-first heap   total 228352K, used 184333K [0x0000000780000000, 0x0000000800000000)
  region size 1024K, 86 young (88064K), 1 survivors (1024K)
 Metaspace       used 101899K, committed 102720K, reserved 1179648K
  class space    used 14177K, committed 14592K, reserved 1048576K
}
Event: 3334.799 GC heap after
{Heap after GC invocations=50 (full 0):
 garbage-first heap   total 228352K, used 104826K [0x0000000780000000, 0x0000000800000000)
  region size 1024K, 8 young (8192K), 8 survivors (8192K)
 Metaspace       used 101899K, committed 102720K, reserved 1179648K
  class space    used 14177K, committed 14592K, reserved 1048576K
}
Event: 3335.181 GC heap before
{Heap before GC invocations=51 (full 0):
 garbage-first heap   total 228352K, used 186746K [0x0000000780000000, 0x0000000800000000)
  region size 1024K, 86 young (88064K), 8 survivors (8192K)
 Metaspace       used 109634K, committed 110592K, reserved 1179648K
  class space    used 15233K, committed 15680K, reserved 1048576K
}
Event: 3335.186 GC heap after
{Heap after GC invocations=52 (full 0):
 garbage-first heap   total 228352K, used 116149K [0x0000000780000000, 0x0000000800000000)
  region size 1024K, 11 young (11264K), 11 survivors (11264K)
 Metaspace       used 109634K, committed 110592K, reserved 1179648K
  class space    used 15233K, committed 15680K, reserved 1048576K
}
Event: 3335.191 GC heap before
{Heap before GC invocations=52 (full 0):
 garbage-first heap   total 228352K, used 119221K [0x0000000780000000, 0x0000000800000000)
  region size 1024K, 12 young (12288K), 11 survivors (11264K)
 Metaspace       used 109675K, committed 110592K, reserved 1179648K
  class space    used 15242K, committed 15680K, reserved 1048576K
}
Event: 3335.194 GC heap after
{Heap after GC invocations=53 (full 0):
 garbage-first heap   total 228352K, used 111869K [0x0000000780000000, 0x0000000800000000)
  region size 1024K, 2 young (2048K), 2 survivors (2048K)
 Metaspace       used 109675K, committed 110592K, reserved 1179648K
  class space    used 15242K, committed 15680K, reserved 1048576K
}
Event: 3335.497 GC heap before
{Heap before GC invocations=53 (full 0):
 garbage-first heap   total 228352K, used 182525K [0x0000000780000000, 0x0000000800000000)
  region size 1024K, 71 young (72704K), 2 survivors (2048K)
 Metaspace       used 112204K, committed 113152K, reserved 1179648K
  class space    used 15537K, committed 16000K, reserved 1048576K
}
Event: 3335.500 GC heap after
{Heap after GC invocations=54 (full 0):
 garbage-first heap   total 517120K, used 121546K [0x0000000780000000, 0x0000000800000000)
  region size 1024K, 9 young (9216K), 9 survivors (9216K)
 Metaspace       used 112204K, committed 113152K, reserved 1179648K
  class space    used 15537K, committed 16000K, reserved 1048576K
}
Event: 3336.124 GC heap before
{Heap before GC invocations=55 (full 0):
 garbage-first heap   total 437248K, used 309962K [0x0000000780000000, 0x0000000800000000)
  region size 1024K, 192 young (196608K), 9 survivors (9216K)
 Metaspace       used 128319K, committed 129216K, reserved 1179648K
  class space    used 18397K, committed 18816K, reserved 1048576K
}
Event: 3336.131 GC heap after
{Heap after GC invocations=56 (full 0):
 garbage-first heap   total 437248K, used 130356K [0x0000000780000000, 0x0000000800000000)
  region size 1024K, 20 young (20480K), 20 survivors (20480K)
 Metaspace       used 128319K, committed 129216K, reserved 1179648K
  class space    used 18397K, committed 18816K, reserved 1048576K
}
Event: 3336.133 GC heap before
{Heap before GC invocations=56 (full 0):
 garbage-first heap   total 437248K, used 131380K [0x0000000780000000, 0x0000000800000000)
  region size 1024K, 21 young (21504K), 20 survivors (20480K)
 Metaspace       used 128355K, committed 129344K, reserved 1179648K
  class space    used 18403K, committed 18880K, reserved 1048576K
}
Event: 3336.141 GC heap after
{Heap after GC invocations=57 (full 0):
 garbage-first heap   total 437248K, used 130892K [0x0000000780000000, 0x0000000800000000)
  region size 1024K, 3 young (3072K), 3 survivors (3072K)
 Metaspace       used 128355K, committed 129344K, reserved 1179648K
  class space    used 18403K, committed 18880K, reserved 1048576K
}
Event: 3336.343 GC heap before
{Heap before GC invocations=57 (full 0):
 garbage-first heap   total 437248K, used 204620K [0x0000000780000000, 0x0000000800000000)
  region size 1024K, 77 young (78848K), 3 survivors (3072K)
 Metaspace       used 131184K, committed 132096K, reserved 1179648K
  class space    used 18848K, committed 19264K, reserved 1048576K
}
Event: 3336.345 GC heap after
{Heap after GC invocations=58 (full 0):
 garbage-first heap   total 437248K, used 131212K [0x0000000780000000, 0x0000000800000000)
  region size 1024K, 4 young (4096K), 4 survivors (4096K)
 Metaspace       used 131184K, committed 132096K, reserved 1179648K
  class space    used 18848K, committed 19264K, reserved 1048576K
}

